0 info it worked if it ends with ok
1 verbose cli [ 'node', '/usr/local/bin/npm', 'version', 'major' ]
2 info using npm@2.5.1
3 info using node@v0.12.0
4 info git [ 'status', '--porcelain' ]
5 verbose version.write data { name: 'generator-gulp-react',
5 verbose version.write   version: '1.0.0',
5 verbose version.write   description: 'Scaffold out a front-end web app with React and Gulp',
5 verbose version.write   license: 'MIT',
5 verbose version.write   repository: 'StevenIseki/generator-gulp-react',
5 verbose version.write   author: 'Steven Iseki',
5 verbose version.write   main: 'app/index.js',
5 verbose version.write   engines: { node: '>=0.10.0', npm: '>=1.3' },
5 verbose version.write   scripts: { test: 'mocha --reporter spec' },
5 verbose version.write   files: [ 'app' ],
5 verbose version.write   keywords:
5 verbose version.write    [ 'yeoman-generator',
5 verbose version.write      'generator-gulp-react',
5 verbose version.write      'gulp-react',
5 verbose version.write      'app',
5 verbose version.write      'react',
5 verbose version.write      'react generator',
5 verbose version.write      'react.js',
5 verbose version.write      'Browserify',
5 verbose version.write      'modernizr',
5 verbose version.write      'jquery',
5 verbose version.write      'gulp' ],
5 verbose version.write   dependencies:
5 verbose version.write    { chalk: '^0.5.1',
5 verbose version.write      cheerio: '^0.17.0',
5 verbose version.write      'yeoman-generator': '^0.17.7',
5 verbose version.write      yosay: '^1.0.0' },
5 verbose version.write   peerDependencies: { yo: '>=1.0.0', 'generator-mocha': '>=0.1.0', gulp: '>=3.5.0' },
5 verbose version.write   devDependencies: { mocha: '*' } } to package.json
6 info git [ 'add', 'package.json' ]
7 verbose stack Error: Command failed: git add package.json
7 verbose stack error: insufficient permission for adding an object to repository database .git/objects
7 verbose stack error: package.json: failed to insert into database
7 verbose stack error: unable to index file package.json
7 verbose stack fatal: updating files failed
7 verbose stack
7 verbose stack     at ChildProcess.exithandler (child_process.js:744:12)
7 verbose stack     at ChildProcess.emit (events.js:110:17)
7 verbose stack     at maybeClose (child_process.js:1008:16)
7 verbose stack     at Socket.<anonymous> (child_process.js:1176:11)
7 verbose stack     at Socket.emit (events.js:107:17)
7 verbose stack     at Pipe.close (net.js:476:12)
8 verbose cwd /Users/umart40/xyz/projects/generator-gulp-react
9 error Darwin 14.0.0
10 error argv "node" "/usr/local/bin/npm" "version" "major"
11 error node v0.12.0
12 error npm  v2.5.1
13 error code 128
14 error Command failed: git add package.json
14 error error: insufficient permission for adding an object to repository database .git/objects
14 error error: package.json: failed to insert into database
14 error error: unable to index file package.json
14 error fatal: updating files failed
15 error If you need help, you may report this error at:
15 error     <http://github.com/npm/npm/issues>
16 verbose exit [ 1, true ]
